2025-04-02 11:38:34,798 - root - INFO - Logging configured for MCC Classifier
2025-04-02 11:38:34,798 - root - INFO - Starting MCC classification evaluation
2025-04-02 11:38:34,798 - mcc_classifier.agent_factory - INFO - Creating all agents
2025-04-02 11:38:34,798 - mcc_classifier.evaluator - INFO - Initialized MCC evaluator with 3 agents
2025-04-02 11:38:34,798 - mcc_classifier.evaluator - INFO - Starting evaluation with input file: data/sample_merchants.csv
2025-04-02 11:38:34,799 - mcc_classifier.data_handler - INFO - Reading data from data/sample_merchants.csv
2025-04-02 11:38:34,834 - mcc_classifier.data_handler - INFO - Successfully read 10 rows from data/sample_merchants.csv
2025-04-02 11:38:34,834 - mcc_classifier.evaluator - INFO - Read 10 merchants from input file
2025-04-02 11:38:34,834 - mcc_classifier.agent.Rafa - INFO - Classifying merchant: Walmart Supercentre
2025-04-02 11:38:34,835 - mcc_classifier.agent.Matheus - INFO - Classifying merchant: Walmart Supercentre
2025-04-02 11:38:34,836 - mcc_classifier.agent.Waki - INFO - Classifying merchant: Walmart Supercentre
2025-04-02 11:38:34,837 - mcc_classifier.agent.Rafa - INFO - Classifying merchant: Amazon
2025-04-02 11:38:34,837 - mcc_classifier.agent.Matheus - INFO - Classifying merchant: Amazon
2025-04-02 11:38:34,837 - mcc_classifier.agent.Waki - INFO - Classifying merchant: Amazon
2025-04-02 11:38:34,837 - mcc_classifier.agent.Rafa - INFO - Classifying merchant: Starbucks Coffee
2025-04-02 11:38:34,837 - mcc_classifier.agent.Matheus - INFO - Classifying merchant: Starbucks Coffee
2025-04-02 11:38:34,837 - mcc_classifier.agent.Waki - INFO - Classifying merchant: Starbucks Coffee
2025-04-02 11:38:34,837 - mcc_classifier.agent.Rafa - INFO - Classifying merchant: Best Buy
2025-04-02 11:38:34,837 - mcc_classifier.agent.Matheus - INFO - Classifying merchant: Best Buy
2025-04-02 11:38:34,837 - mcc_classifier.agent.Waki - INFO - Classifying merchant: Best Buy
2025-04-02 11:38:34,837 - mcc_classifier.agent.Rafa - INFO - Classifying merchant: Chevron Gas Station
2025-04-02 11:38:34,840 - mcc_classifier.agent.Matheus - INFO - Classifying merchant: Chevron Gas Station
2025-04-02 11:38:34,840 - mcc_classifier.agent.Waki - INFO - Classifying merchant: Chevron Gas Station
2025-04-02 11:38:34,840 - mcc_classifier.agent.Rafa - INFO - Classifying merchant: CVS Pharmacy
2025-04-02 11:38:34,840 - mcc_classifier.agent.Matheus - INFO - Classifying merchant: CVS Pharmacy
2025-04-02 11:38:34,840 - mcc_classifier.agent.Waki - INFO - Classifying merchant: CVS Pharmacy
2025-04-02 11:38:34,840 - mcc_classifier.agent.Rafa - INFO - Classifying merchant: Home Depot
2025-04-02 11:38:34,840 - mcc_classifier.agent.Matheus - INFO - Classifying merchant: Home Depot
2025-04-02 11:38:34,840 - mcc_classifier.agent.Waki - INFO - Classifying merchant: Home Depot
2025-04-02 11:38:34,840 - mcc_classifier.agent.Rafa - INFO - Classifying merchant: McDonald's
2025-04-02 11:38:34,840 - mcc_classifier.agent.Matheus - INFO - Classifying merchant: McDonald's
2025-04-02 11:38:34,840 - mcc_classifier.agent.Waki - INFO - Classifying merchant: McDonald's
2025-04-02 11:38:34,842 - mcc_classifier.agent.Rafa - INFO - Classifying merchant: Apple Store
2025-04-02 11:38:34,842 - mcc_classifier.agent.Matheus - INFO - Classifying merchant: Apple Store
2025-04-02 11:38:34,842 - mcc_classifier.agent.Waki - INFO - Classifying merchant: Apple Store
2025-04-02 11:38:34,842 - mcc_classifier.agent.Rafa - INFO - Classifying merchant: Target
2025-04-02 11:38:34,842 - mcc_classifier.agent.Matheus - INFO - Classifying merchant: Target
2025-04-02 11:38:34,842 - mcc_classifier.agent.Waki - INFO - Classifying merchant: Target
2025-04-02 11:38:34,844 - mcc_classifier.data_handler - INFO - Writing 11 rows to output/sample_results.csv
2025-04-02 11:38:34,853 - mcc_classifier.data_handler - INFO - Successfully wrote data to output/sample_results.csv
2025-04-02 11:38:34,853 - mcc_classifier.evaluator - INFO - Evaluation complete. Results written to output/sample_results.csv
2025-04-02 11:38:34,853 - root - INFO - Evaluation completed successfully
2025-04-02 11:38:34,853 - root - INFO - Results written to: output/sample_results.csv
2025-04-02 11:38:34,853 - root - INFO - Rafa - Accuracy: 0.00% (0/10)
2025-04-02 11:38:34,853 - root - INFO - Matheus - Accuracy: 0.00% (0/10)
2025-04-02 11:38:34,853 - root - INFO - Waki - Accuracy: 0.00% (0/10)
